0 info it worked if it ends with ok
1 verbose cli [ '/usr/local/bin/node',
1 verbose cli   '/usr/local/bin/npm',
1 verbose cli   'version',
1 verbose cli   'major' ]
2 info using npm@3.8.3
3 info using node@v5.10.0
4 info git [ 'status', '--porcelain' ]
5 verbose stack Error: Git working directory not clean.
5 verbose stack M assets/screenshot-1.png
5 verbose stack M bin/deploy.sh
5 verbose stack M package.json
5 verbose stack M readme.txt
5 verbose stack     at /usr/local/lib/node_modules/npm/lib/version.js:246:19
5 verbose stack     at ChildProcess.exithandler (child_process.js:193:7)
5 verbose stack     at emitTwo (events.js:100:13)
5 verbose stack     at ChildProcess.emit (events.js:185:7)
5 verbose stack     at maybeClose (internal/child_process.js:850:16)
5 verbose stack     at Socket.<anonymous> (internal/child_process.js:323:11)
5 verbose stack     at emitOne (events.js:90:13)
5 verbose stack     at Socket.emit (events.js:182:7)
5 verbose stack     at Pipe._onclose (net.js:477:12)
6 verbose cwd /Users/KamataRyo/Desktop/dev.biwako.io/www/wordpress/wp-content/plugins/inherit-theme-mods
7 error Darwin 15.4.0
8 error argv "/usr/local/bin/node" "/usr/local/bin/npm" "version" "major"
9 error node v5.10.0
10 error npm  v3.8.3
11 error Git working directory not clean.
11 error M assets/screenshot-1.png
11 error M bin/deploy.sh
11 error M package.json
11 error M readme.txt
12 error If you need help, you may report this error at:
12 error     <https://github.com/npm/npm/issues>
13 verbose exit [ 1, true ]
